<?xml version="1.0" encoding="UTF-8"?>
<testng-results ignored="0" total="2" passed="2" failed="0" skipped="0">
  <reporter-output>
  </reporter-output>
  <suite started-at="2024-05-13T12:07:32 IST" name="Default suite" finished-at="2024-05-13T12:07:32 IST" duration-ms="87">
    <groups>
    </groups>
    <test started-at="2024-05-13T12:07:32 IST" name="Default test" finished-at="2024-05-13T12:07:32 IST" duration-ms="87">
      <class name="testNg_Examples.firstEx">
        <test-method signature="test1()[pri:0, instance:testNg_Examples.firstEx@5824a83d]" started-at="2024-05-13T12:07:32 IST" name="test1" finished-at="2024-05-13T12:07:32 IST" duration-ms="13" status="PASS">
          <reporter-output>
          </reporter-output>
        </test-method> <!-- test1 -->
        <test-method signature="test2()[pri:0, instance:testNg_Examples.firstEx@5824a83d]" started-at="2024-05-13T12:07:32 IST" name="test2" finished-at="2024-05-13T12:07:32 IST" duration-ms="2" status="PASS">
          <reporter-output>
          </reporter-output>
        </test-method> <!-- test2 -->
      </class> <!-- testNg_Examples.firstEx -->
    </test> <!-- Default test -->
  </suite> <!-- Default suite -->
</testng-results>
